0 info it worked if it ends with ok
1 verbose cli [ 'node',
1 verbose cli   '/usr/local/bin/npm',
1 verbose cli   'install',
1 verbose cli   'grunt-contrib-eslint' ]
2 info using npm@1.3.2
3 info using node@v0.10.13
4 verbose readDependencies using package.json deps
5 verbose cache add [ 'grunt-contrib-eslint', null ]
6 verbose cache add name=undefined spec="grunt-contrib-eslint" args=["grunt-contrib-eslint",null]
7 verbose parsed url { protocol: null,
7 verbose parsed url   slashes: null,
7 verbose parsed url   auth: null,
7 verbose parsed url   host: null,
7 verbose parsed url   port: null,
7 verbose parsed url   hostname: null,
7 verbose parsed url   hash: null,
7 verbose parsed url   search: null,
7 verbose parsed url   query: null,
7 verbose parsed url   pathname: 'grunt-contrib-eslint',
7 verbose parsed url   path: 'grunt-contrib-eslint',
7 verbose parsed url   href: 'grunt-contrib-eslint' }
8 silly lockFile c86993b6-grunt-contrib-eslint grunt-contrib-eslint
9 verbose lock grunt-contrib-eslint /Users/zafar/.npm/c86993b6-grunt-contrib-eslint.lock
10 silly lockFile c86993b6-grunt-contrib-eslint grunt-contrib-eslint
11 silly lockFile c86993b6-grunt-contrib-eslint grunt-contrib-eslint
12 verbose addNamed [ 'grunt-contrib-eslint', '' ]
13 verbose addNamed [ null, '*' ]
14 silly lockFile f1087497-grunt-contrib-eslint grunt-contrib-eslint@
15 verbose lock grunt-contrib-eslint@ /Users/zafar/.npm/f1087497-grunt-contrib-eslint.lock
16 silly addNameRange { name: 'grunt-contrib-eslint', range: '*', hasData: false }
17 verbose url raw grunt-contrib-eslint
18 verbose url resolving [ 'https://registry.npmjs.org/', './grunt-contrib-eslint' ]
19 verbose url resolved https://registry.npmjs.org/grunt-contrib-eslint
20 info trying registry request attempt 1 at 08:47:52
21 http GET https://registry.npmjs.org/grunt-contrib-eslint
22 http 404 https://registry.npmjs.org/grunt-contrib-eslint
23 silly registry.get cb [ 404,
23 silly registry.get   { date: 'Sun, 30 Mar 2014 06:47:21 GMT',
23 silly registry.get     server: 'CouchDB/1.5.0 (Erlang OTP/R14B04)',
23 silly registry.get     'content-type': 'application/json',
23 silly registry.get     via: '1.1 varnish',
23 silly registry.get     'cache-control': 'max-age=0',
23 silly registry.get     'content-length': '52',
23 silly registry.get     'accept-ranges': 'bytes',
23 silly registry.get     age: '0',
23 silly registry.get     'x-served-by': 'cache-v36-ASH, cache-am71-AMS',
23 silly registry.get     'x-cache': 'MISS, MISS',
23 silly registry.get     'x-cache-hits': '0, 0',
23 silly registry.get     'x-timer': 'S1396162041.222206831,VS0,VS43,VE135,VE178',
23 silly registry.get     'keep-alive': 'timeout=10, max=50',
23 silly registry.get     connection: 'Keep-Alive' } ]
24 silly lockFile f1087497-grunt-contrib-eslint grunt-contrib-eslint@
25 silly lockFile f1087497-grunt-contrib-eslint grunt-contrib-eslint@
26 error 404 'grunt-contrib-eslint' is not in the npm registry.
26 error 404 You should bug the author to publish it
26 error 404
26 error 404 Note that you can also install from a
26 error 404 tarball, folder, or http url, or git url.
27 error System Darwin 11.4.2
28 error command "node" "/usr/local/bin/npm" "install" "grunt-contrib-eslint"
29 error cwd /Users/zafar/Desktop/gruntjs/app
30 error node -v v0.10.13
31 error npm -v 1.3.2
32 error code E404
33 verbose exit [ 1, true ]
